<?xml version="1.0" encoding="UTF-8"?>
<testng-results skipped="0" failed="5" ignored="0" total="14" passed="9">
  <reporter-output>
  </reporter-output>
  <suite name="All Test Suite" duration-ms="106317" started-at="2022-01-05T13:37:29 ICT" finished-at="2022-01-05T13:39:15 ICT">
    <groups>
    </groups>
    <test name="TestSuite" duration-ms="106317" started-at="2022-01-05T13:37:29 ICT" finished-at="2022-01-05T13:39:15 ICT">
      <class name="Testcases.Railway.TC07">
        <test-method status="PASS" signature="beforeMethod()[pri:0, instance:Testcases.Railway.TC07@18eed359]" name="beforeMethod" is-config="true" duration-ms="1176" started-at="2022-01-05T13:38:09 ICT" finished-at="2022-01-05T13:38:10 ICT">
          <reporter-output>
          </reporter-output>
        </test-method> <!-- beforeMethod -->
        <test-method status="FAIL" signature="TC07()[pri:0, instance:Testcases.Railway.TC07@18eed359]" name="TC07" duration-ms="4759" started-at="2022-01-05T13:38:10 ICT" description="TC07 - User can create new account" finished-at="2022-01-05T13:38:15 ICT">
          <exception class="java.lang.AssertionError">
            <message>
              <![CDATA[Successful register message is not displayed as expected expected [Thank you for registering your account] but found [You're here]]]>
            </message>
            <full-stacktrace>
              <![CDATA[java.lang.AssertionError: Successful register message is not displayed as expected expected [Thank you for registering your account] but found [You're here]
at org.testng.Assert.fail(Assert.java:99)
at org.testng.Assert.failNotEquals(Assert.java:1037)
at org.testng.Assert.assertEqualsImpl(Assert.java:140)
at org.testng.Assert.assertEquals(Assert.java:122)
at org.testng.Assert.assertEquals(Assert.java:629)
at Testcases.Railway.TC07.TC07(TC07.java:29)
at sun.reflect.NativeMethodAccessorImpl.invoke0(Native Method)
at sun.reflect.NativeMethodAccessorImpl.invoke(NativeMethodAccessorImpl.java:62)
at sun.reflect.DelegatingMethodAccessorImpl.invoke(DelegatingMethodAccessorImpl.java:43)
at java.lang.reflect.Method.invoke(Method.java:498)
at org.testng.internal.MethodInvocationHelper.invokeMethod(MethodInvocationHelper.java:133)
at org.testng.internal.TestInvoker.invokeMethod(TestInvoker.java:598)
at org.testng.internal.TestInvoker.invokeTestMethod(TestInvoker.java:173)
at org.testng.internal.MethodRunner.runInSequence(MethodRunner.java:46)
at org.testng.internal.TestInvoker$MethodInvocationAgent.invoke(TestInvoker.java:824)
at org.testng.internal.TestInvoker.invokeTestMethods(TestInvoker.java:146)
at org.testng.internal.TestMethodWorker.invokeTestMethods(TestMethodWorker.java:146)
at org.testng.internal.TestMethodWorker.run(TestMethodWorker.java:128)
at java.util.concurrent.ThreadPoolExecutor.runWorker(ThreadPoolExecutor.java:1149)
at java.util.concurrent.ThreadPoolExecutor$Worker.run(ThreadPoolExecutor.java:624)
at java.lang.Thread.run(Thread.java:748)
]]>
            </full-stacktrace>
          </exception> <!-- java.lang.AssertionError -->
          <reporter-output>
          </reporter-output>
        </test-method> <!-- TC07 -->
        <test-method status="PASS" signature="afterMethod()[pri:0, instance:Testcases.Railway.TC07@18eed359]" name="afterMethod" is-config="true" duration-ms="605" started-at="2022-01-05T13:38:15 ICT" finished-at="2022-01-05T13:38:15 ICT">
          <reporter-output>
          </reporter-output>
        </test-method> <!-- afterMethod -->
      </class> <!-- Testcases.Railway.TC07 -->
      <class name="Testcases.Railway.TC09">
        <test-method status="PASS" signature="beforeMethod()[pri:0, instance:Testcases.Railway.TC09@6c3708b3]" name="beforeMethod" is-config="true" duration-ms="1258" started-at="2022-01-05T13:38:15 ICT" finished-at="2022-01-05T13:38:17 ICT">
          <reporter-output>
          </reporter-output>
        </test-method> <!-- beforeMethod -->
        <test-method status="PASS" signature="TC09(java.lang.String,java.lang.String,java.lang.String)[pri:0, instance:Testcases.Railway.TC09@6c3708b3]" name="TC09" duration-ms="6983" started-at="2022-01-05T13:38:17 ICT" description="TC09 - User can&#039;t change password when &#039;New Password&#039; and &#039;Confirm Password&#039; are different." data-provider="data-provider" finished-at="2022-01-05T13:38:24 ICT">
          <params>
            <param index="0">
              <value>
                <![CDATA[a123:"/{}!@$]]>
              </value>
            </param>
            <param index="1">
              <value>
                <![CDATA[147258369]]>
              </value>
            </param>
            <param index="2">
              <value>
                <![CDATA[b456:"/{}!@$]]>
              </value>
            </param>
          </params>
          <reporter-output>
          </reporter-output>
        </test-method> <!-- TC09 -->
        <test-method status="PASS" signature="afterMethod()[pri:0, instance:Testcases.Railway.TC09@6c3708b3]" name="afterMethod" is-config="true" duration-ms="593" started-at="2022-01-05T13:38:24 ICT" finished-at="2022-01-05T13:38:24 ICT">
          <reporter-output>
          </reporter-output>
        </test-method> <!-- afterMethod -->
      </class> <!-- Testcases.Railway.TC09 -->
      <class name="Testcases.Railway.TC14">
        <test-method status="PASS" signature="beforeMethod()[pri:0, instance:Testcases.Railway.TC14@67784306]" name="beforeMethod" is-config="true" duration-ms="1237" started-at="2022-01-05T13:38:35 ICT" finished-at="2022-01-05T13:38:36 ICT">
          <reporter-output>
          </reporter-output>
        </test-method> <!-- beforeMethod -->
        <test-method status="PASS" signature="TC14(java.lang.String,java.lang.String,java.lang.String,java.lang.String,int)[pri:0, instance:Testcases.Railway.TC14@67784306]" name="TC14" duration-ms="7352" started-at="2022-01-05T13:38:36 ICT" description="User can book many tickets at a time" data-provider="data-provider" finished-at="2022-01-05T13:38:44 ICT">
          <params>
            <param index="0">
              <value>
                <![CDATA[1/16/2022]]>
              </value>
            </param>
            <param index="1">
              <value>
                <![CDATA[Nha Trang]]>
              </value>
            </param>
            <param index="2">
              <value>
                <![CDATA[Sài Gòn]]>
              </value>
            </param>
            <param index="3">
              <value>
                <![CDATA[Soft seat with air conditioner]]>
              </value>
            </param>
            <param index="4">
              <value>
                <![CDATA[5]]>
              </value>
            </param>
          </params>
          <reporter-output>
          </reporter-output>
        </test-method> <!-- TC14 -->
        <test-method status="PASS" signature="afterMethod()[pri:0, instance:Testcases.Railway.TC14@67784306]" name="afterMethod" is-config="true" duration-ms="628" started-at="2022-01-05T13:38:44 ICT" finished-at="2022-01-05T13:38:44 ICT">
          <reporter-output>
          </reporter-output>
        </test-method> <!-- afterMethod -->
      </class> <!-- Testcases.Railway.TC14 -->
      <class name="Testcases.Railway.TC03">
        <test-method status="PASS" signature="beforeMethod()[pri:0, instance:Testcases.Railway.TC03@63753b6d]" name="beforeMethod" is-config="true" duration-ms="1149" started-at="2022-01-05T13:37:41 ICT" finished-at="2022-01-05T13:37:42 ICT">
          <reporter-output>
          </reporter-output>
        </test-method> <!-- beforeMethod -->
        <test-method status="FAIL" signature="TC03()[pri:0, instance:Testcases.Railway.TC03@63753b6d]" name="TC03" duration-ms="3496" started-at="2022-01-05T13:37:42 ICT" description="TC03 - User can not log into Railway with invalid password" finished-at="2022-01-05T13:37:46 ICT">
          <exception class="java.lang.AssertionError">
            <message>
              <![CDATA[expected [There was a problem with your login and/or errors exist in your form.] but found [Invalid username or password. Please try again.]]]>
            </message>
            <full-stacktrace>
              <![CDATA[java.lang.AssertionError: expected [There was a problem with your login and/or errors exist in your form.] but found [Invalid username or password. Please try again.]
at org.testng.Assert.fail(Assert.java:99)
at org.testng.Assert.failNotEquals(Assert.java:1037)
at org.testng.Assert.assertEqualsImpl(Assert.java:140)
at org.testng.Assert.assertEquals(Assert.java:122)
at org.testng.Assert.assertEquals(Assert.java:629)
at org.testng.Assert.assertEquals(Assert.java:639)
at Testcases.Railway.TC03.TC03(TC03.java:27)
at sun.reflect.NativeMethodAccessorImpl.invoke0(Native Method)
at sun.reflect.NativeMethodAccessorImpl.invoke(NativeMethodAccessorImpl.java:62)
at sun.reflect.DelegatingMethodAccessorImpl.invoke(DelegatingMethodAccessorImpl.java:43)
at java.lang.reflect.Method.invoke(Method.java:498)
at org.testng.internal.MethodInvocationHelper.invokeMethod(MethodInvocationHelper.java:133)
at org.testng.internal.TestInvoker.invokeMethod(TestInvoker.java:598)
at org.testng.internal.TestInvoker.invokeTestMethod(TestInvoker.java:173)
at org.testng.internal.MethodRunner.runInSequence(MethodRunner.java:46)
at org.testng.internal.TestInvoker$MethodInvocationAgent.invoke(TestInvoker.java:824)
at org.testng.internal.TestInvoker.invokeTestMethods(TestInvoker.java:146)
at org.testng.internal.TestMethodWorker.invokeTestMethods(TestMethodWorker.java:146)
at org.testng.internal.TestMethodWorker.run(TestMethodWorker.java:128)
at java.util.concurrent.ThreadPoolExecutor.runWorker(ThreadPoolExecutor.java:1149)
at java.util.concurrent.ThreadPoolExecutor$Worker.run(ThreadPoolExecutor.java:624)
at java.lang.Thread.run(Thread.java:748)
]]>
            </full-stacktrace>
          </exception> <!-- java.lang.AssertionError -->
          <reporter-output>
          </reporter-output>
        </test-method> <!-- TC03 -->
        <test-method status="PASS" signature="afterMethod()[pri:0, instance:Testcases.Railway.TC03@63753b6d]" name="afterMethod" is-config="true" duration-ms="591" started-at="2022-01-05T13:37:46 ICT" finished-at="2022-01-05T13:37:46 ICT">
          <reporter-output>
          </reporter-output>
        </test-method> <!-- afterMethod -->
      </class> <!-- Testcases.Railway.TC03 -->
      <class name="Testcases.Railway.TC04">
        <test-method status="PASS" signature="beforeMethod()[pri:0, instance:Testcases.Railway.TC04@6b09bb57]" name="beforeMethod" is-config="true" duration-ms="1227" started-at="2022-01-05T13:37:46 ICT" finished-at="2022-01-05T13:37:48 ICT">
          <reporter-output>
          </reporter-output>
        </test-method> <!-- beforeMethod -->
        <test-method status="PASS" signature="TC04()[pri:0, instance:Testcases.Railway.TC04@6b09bb57]" name="TC04" duration-ms="4319" started-at="2022-01-05T13:37:48 ICT" description="TC04 - User is redirected to Book ticket page after logging in" finished-at="2022-01-05T13:37:52 ICT">
          <reporter-output>
          </reporter-output>
        </test-method> <!-- TC04 -->
        <test-method status="PASS" signature="afterMethod()[pri:0, instance:Testcases.Railway.TC04@6b09bb57]" name="afterMethod" is-config="true" duration-ms="599" started-at="2022-01-05T13:37:52 ICT" finished-at="2022-01-05T13:37:53 ICT">
          <reporter-output>
          </reporter-output>
        </test-method> <!-- afterMethod -->
      </class> <!-- Testcases.Railway.TC04 -->
      <class name="Testcases.Railway.TC15">
        <test-method status="PASS" signature="beforeMethod()[pri:0, instance:Testcases.Railway.TC15@335eadca]" name="beforeMethod" is-config="true" duration-ms="1233" started-at="2022-01-05T13:38:44 ICT" finished-at="2022-01-05T13:38:46 ICT">
          <reporter-output>
          </reporter-output>
        </test-method> <!-- beforeMethod -->
        <test-method status="FAIL" signature="TC15(java.lang.String,java.lang.String,int,int,int,int,int,int)[pri:0, instance:Testcases.Railway.TC15@335eadca]" name="TC15" duration-ms="5742" started-at="2022-01-05T13:38:46 ICT" description="&#039;Ticket price&#039; page displays with ticket details after clicking on &#039;check price&#039; link in &#039;Train timetable&#039; page" data-provider="data-provider" finished-at="2022-01-05T13:38:51 ICT">
          <params>
            <param index="0">
              <value>
                <![CDATA[Đà Nẵng]]>
              </value>
            </param>
            <param index="1">
              <value>
                <![CDATA[Sài Gòn]]>
              </value>
            </param>
            <param index="2">
              <value>
                <![CDATA[310000]]>
              </value>
            </param>
            <param index="3">
              <value>
                <![CDATA[335000]]>
              </value>
            </param>
            <param index="4">
              <value>
                <![CDATA[360000]]>
              </value>
            </param>
            <param index="5">
              <value>
                <![CDATA[410000]]>
              </value>
            </param>
            <param index="6">
              <value>
                <![CDATA[460000]]>
              </value>
            </param>
            <param index="7">
              <value>
                <![CDATA[510000]]>
              </value>
            </param>
          </params>
          <exception class="java.lang.AssertionError">
            <message>
              <![CDATA[expected [Ticket price from Đà Nẵng to Sài Gòn] but found [Ticket price from Sài Gòn to Phan Thiết]]]>
            </message>
            <full-stacktrace>
              <![CDATA[java.lang.AssertionError: expected [Ticket price from Đà Nẵng to Sài Gòn] but found [Ticket price from Sài Gòn to Phan Thiết]
at org.testng.Assert.fail(Assert.java:99)
at org.testng.Assert.failNotEquals(Assert.java:1037)
at org.testng.Assert.assertEqualsImpl(Assert.java:140)
at org.testng.Assert.assertEquals(Assert.java:122)
at org.testng.Assert.assertEquals(Assert.java:629)
at org.testng.Assert.assertEquals(Assert.java:639)
at Testcases.Railway.TC15.TC15(TC15.java:39)
at sun.reflect.NativeMethodAccessorImpl.invoke0(Native Method)
at sun.reflect.NativeMethodAccessorImpl.invoke(NativeMethodAccessorImpl.java:62)
at sun.reflect.DelegatingMethodAccessorImpl.invoke(DelegatingMethodAccessorImpl.java:43)
at java.lang.reflect.Method.invoke(Method.java:498)
at org.testng.internal.MethodInvocationHelper.invokeMethod(MethodInvocationHelper.java:133)
at org.testng.internal.TestInvoker.invokeMethod(TestInvoker.java:598)
at org.testng.internal.TestInvoker.invokeTestMethod(TestInvoker.java:173)
at org.testng.internal.MethodRunner.runInSequence(MethodRunner.java:46)
at org.testng.internal.TestInvoker$MethodInvocationAgent.invoke(TestInvoker.java:824)
at org.testng.internal.TestInvoker.invokeTestMethods(TestInvoker.java:146)
at org.testng.internal.TestMethodWorker.invokeTestMethods(TestMethodWorker.java:146)
at org.testng.internal.TestMethodWorker.run(TestMethodWorker.java:128)
at java.util.concurrent.ThreadPoolExecutor.runWorker(ThreadPoolExecutor.java:1149)
at java.util.concurrent.ThreadPoolExecutor$Worker.run(ThreadPoolExecutor.java:624)
at java.lang.Thread.run(Thread.java:748)
]]>
            </full-stacktrace>
          </exception> <!-- java.lang.AssertionError -->
          <reporter-output>
          </reporter-output>
        </test-method> <!-- TC15 -->
        <test-method status="PASS" signature="afterMethod()[pri:0, instance:Testcases.Railway.TC15@335eadca]" name="afterMethod" is-config="true" duration-ms="610" started-at="2022-01-05T13:38:51 ICT" finished-at="2022-01-05T13:38:52 ICT">
          <reporter-output>
          </reporter-output>
        </test-method> <!-- afterMethod -->
      </class> <!-- Testcases.Railway.TC15 -->
      <class name="Testcases.Railway.TC05">
        <test-method status="PASS" signature="beforeMethod()[pri:0, instance:Testcases.Railway.TC05@6536e911]" name="beforeMethod" is-config="true" duration-ms="1185" started-at="2022-01-05T13:37:53 ICT" finished-at="2022-01-05T13:37:54 ICT">
          <reporter-output>
          </reporter-output>
        </test-method> <!-- beforeMethod -->
        <test-method status="FAIL" signature="TC05()[pri:0, instance:Testcases.Railway.TC05@6536e911]" name="TC05" duration-ms="6455" started-at="2022-01-05T13:37:54 ICT" description="TC05 - System shows message when user enter wrong password several times" finished-at="2022-01-05T13:38:00 ICT">
          <exception class="java.lang.AssertionError">
            <message>
              <![CDATA[expected [You have used 4 out of 5 login attempts.After all 5 have been used, you will be unable to login for 15 minutes.] but found [Invalid username or password. Please try again.]]]>
            </message>
            <full-stacktrace>
              <![CDATA[java.lang.AssertionError: expected [You have used 4 out of 5 login attempts.After all 5 have been used, you will be unable to login for 15 minutes.] but found [Invalid username or password. Please try again.]
at org.testng.Assert.fail(Assert.java:99)
at org.testng.Assert.failNotEquals(Assert.java:1037)
at org.testng.Assert.assertEqualsImpl(Assert.java:140)
at org.testng.Assert.assertEquals(Assert.java:122)
at org.testng.Assert.assertEquals(Assert.java:629)
at org.testng.Assert.assertEquals(Assert.java:639)
at Testcases.Railway.TC05.TC05(TC05.java:28)
at sun.reflect.NativeMethodAccessorImpl.invoke0(Native Method)
at sun.reflect.NativeMethodAccessorImpl.invoke(NativeMethodAccessorImpl.java:62)
at sun.reflect.DelegatingMethodAccessorImpl.invoke(DelegatingMethodAccessorImpl.java:43)
at java.lang.reflect.Method.invoke(Method.java:498)
at org.testng.internal.MethodInvocationHelper.invokeMethod(MethodInvocationHelper.java:133)
at org.testng.internal.TestInvoker.invokeMethod(TestInvoker.java:598)
at org.testng.internal.TestInvoker.invokeTestMethod(TestInvoker.java:173)
at org.testng.internal.MethodRunner.runInSequence(MethodRunner.java:46)
at org.testng.internal.TestInvoker$MethodInvocationAgent.invoke(TestInvoker.java:824)
at org.testng.internal.TestInvoker.invokeTestMethods(TestInvoker.java:146)
at org.testng.internal.TestMethodWorker.invokeTestMethods(TestMethodWorker.java:146)
at org.testng.internal.TestMethodWorker.run(TestMethodWorker.java:128)
at java.util.concurrent.ThreadPoolExecutor.runWorker(ThreadPoolExecutor.java:1149)
at java.util.concurrent.ThreadPoolExecutor$Worker.run(ThreadPoolExecutor.java:624)
at java.lang.Thread.run(Thread.java:748)
]]>
            </full-stacktrace>
          </exception> <!-- java.lang.AssertionError -->
          <reporter-output>
          </reporter-output>
        </test-method> <!-- TC05 -->
        <test-method status="PASS" signature="afterMethod()[pri:0, instance:Testcases.Railway.TC05@6536e911]" name="afterMethod" is-config="true" duration-ms="617" started-at="2022-01-05T13:38:00 ICT" finished-at="2022-01-05T13:38:01 ICT">
          <reporter-output>
          </reporter-output>
        </test-method> <!-- afterMethod -->
      </class> <!-- Testcases.Railway.TC05 -->
      <class name="Testcases.Railway.TC16">
        <test-method status="PASS" signature="beforeMethod()[pri:0, instance:Testcases.Railway.TC16@210366b4]" name="beforeMethod" is-config="true" duration-ms="1166" started-at="2022-01-05T13:38:52 ICT" finished-at="2022-01-05T13:38:53 ICT">
          <reporter-output>
          </reporter-output>
        </test-method> <!-- beforeMethod -->
        <test-method status="PASS" signature="TC16(java.lang.String,java.lang.String,java.lang.String,java.lang.String,int)[pri:0, instance:Testcases.Railway.TC16@210366b4]" name="TC16" duration-ms="9370" started-at="2022-01-05T13:38:53 ICT" description="User can cancel a ticket" data-provider="data-provider" finished-at="2022-01-05T13:39:03 ICT">
          <params>
            <param index="0">
              <value>
                <![CDATA[1/16/2022]]>
              </value>
            </param>
            <param index="1">
              <value>
                <![CDATA[Phan Thiết]]>
              </value>
            </param>
            <param index="2">
              <value>
                <![CDATA[Sài Gòn]]>
              </value>
            </param>
            <param index="3">
              <value>
                <![CDATA[Soft seat]]>
              </value>
            </param>
            <param index="4">
              <value>
                <![CDATA[1]]>
              </value>
            </param>
          </params>
          <reporter-output>
          </reporter-output>
        </test-method> <!-- TC16 -->
        <test-method status="PASS" signature="afterMethod()[pri:0, instance:Testcases.Railway.TC16@210366b4]" name="afterMethod" is-config="true" duration-ms="616" started-at="2022-01-05T13:39:03 ICT" finished-at="2022-01-05T13:39:03 ICT">
          <reporter-output>
          </reporter-output>
        </test-method> <!-- afterMethod -->
      </class> <!-- Testcases.Railway.TC16 -->
      <class name="Testcases.Railway.TC06">
        <test-method status="PASS" signature="beforeMethod()[pri:0, instance:Testcases.Railway.TC06@520a3426]" name="beforeMethod" is-config="true" duration-ms="1141" started-at="2022-01-05T13:38:01 ICT" finished-at="2022-01-05T13:38:02 ICT">
          <reporter-output>
          </reporter-output>
        </test-method> <!-- beforeMethod -->
        <test-method status="PASS" signature="TC06()[pri:0, instance:Testcases.Railway.TC06@520a3426]" name="TC06" duration-ms="6259" started-at="2022-01-05T13:38:02 ICT" description="TC06 - User is redirected to Home page after logging out" finished-at="2022-01-05T13:38:08 ICT">
          <reporter-output>
          </reporter-output>
        </test-method> <!-- TC06 -->
        <test-method status="PASS" signature="afterMethod()[pri:0, instance:Testcases.Railway.TC06@520a3426]" name="afterMethod" is-config="true" duration-ms="594" started-at="2022-01-05T13:38:08 ICT" finished-at="2022-01-05T13:38:09 ICT">
          <reporter-output>
          </reporter-output>
        </test-method> <!-- afterMethod -->
      </class> <!-- Testcases.Railway.TC06 -->
      <class name="Testcases.Railway.TC17">
        <test-method status="PASS" signature="beforeMethod()[pri:0, instance:Testcases.Railway.TC17@eec5a4a]" name="beforeMethod" is-config="true" duration-ms="1146" started-at="2022-01-05T13:39:03 ICT" finished-at="2022-01-05T13:39:04 ICT">
          <reporter-output>
          </reporter-output>
        </test-method> <!-- beforeMethod -->
        <test-method status="PASS" signature="TC17(java.lang.String,java.lang.String,java.lang.String,java.lang.String,int,java.lang.String,java.lang.String,java.lang.String,java.lang.String,int)[pri:0, instance:Testcases.Railway.TC17@eec5a4a]" name="TC17" duration-ms="9935" started-at="2022-01-05T13:39:04 ICT" description="User can&#039;t book more than 10 tickets" data-provider="data-provider" finished-at="2022-01-05T13:39:14 ICT">
          <params>
            <param index="0">
              <value>
                <![CDATA[1/16/2022]]>
              </value>
            </param>
            <param index="1">
              <value>
                <![CDATA[Phan Thiết]]>
              </value>
            </param>
            <param index="2">
              <value>
                <![CDATA[Sài Gòn]]>
              </value>
            </param>
            <param index="3">
              <value>
                <![CDATA[Hard seat]]>
              </value>
            </param>
            <param index="4">
              <value>
                <![CDATA[10]]>
              </value>
            </param>
            <param index="5">
              <value>
                <![CDATA[1/16/2022]]>
              </value>
            </param>
            <param index="6">
              <value>
                <![CDATA[Đà Nẵng]]>
              </value>
            </param>
            <param index="7">
              <value>
                <![CDATA[Huế]]>
              </value>
            </param>
            <param index="8">
              <value>
                <![CDATA[Soft seat]]>
              </value>
            </param>
            <param index="9">
              <value>
                <![CDATA[1]]>
              </value>
            </param>
          </params>
          <reporter-output>
          </reporter-output>
        </test-method> <!-- TC17 -->
        <test-method status="PASS" signature="afterMethod()[pri:0, instance:Testcases.Railway.TC17@eec5a4a]" name="afterMethod" is-config="true" duration-ms="621" started-at="2022-01-05T13:39:14 ICT" finished-at="2022-01-05T13:39:15 ICT">
          <reporter-output>
          </reporter-output>
        </test-method> <!-- afterMethod -->
      </class> <!-- Testcases.Railway.TC17 -->
      <class name="Testcases.Railway.TC10">
        <test-method status="PASS" signature="beforeMethod()[pri:0, instance:Testcases.Railway.TC10@6f1fba17]" name="beforeMethod" is-config="true" duration-ms="1122" started-at="2022-01-05T13:38:24 ICT" finished-at="2022-01-05T13:38:25 ICT">
          <reporter-output>
          </reporter-output>
        </test-method> <!-- beforeMethod -->
        <test-method status="PASS" signature="TC10()[pri:0, instance:Testcases.Railway.TC10@6f1fba17]" name="TC10" duration-ms="3822" started-at="2022-01-05T13:38:25 ICT" description="TC10 - User can&#039;t create account with an already in-use email" finished-at="2022-01-05T13:38:29 ICT">
          <reporter-output>
          </reporter-output>
        </test-method> <!-- TC10 -->
        <test-method status="PASS" signature="afterMethod()[pri:0, instance:Testcases.Railway.TC10@6f1fba17]" name="afterMethod" is-config="true" duration-ms="613" started-at="2022-01-05T13:38:29 ICT" finished-at="2022-01-05T13:38:30 ICT">
          <reporter-output>
          </reporter-output>
        </test-method> <!-- afterMethod -->
      </class> <!-- Testcases.Railway.TC10 -->
      <class name="Testcases.Railway.TC11">
        <test-method status="PASS" signature="beforeMethod()[pri:0, instance:Testcases.Railway.TC11@185d8b6]" name="beforeMethod" is-config="true" duration-ms="1174" started-at="2022-01-05T13:38:30 ICT" finished-at="2022-01-05T13:38:31 ICT">
          <reporter-output>
          </reporter-output>
        </test-method> <!-- beforeMethod -->
        <test-method status="PASS" signature="TC11()[pri:0, instance:Testcases.Railway.TC11@185d8b6]" name="TC11" duration-ms="3642" started-at="2022-01-05T13:38:31 ICT" description="TC11 - User can&#039;t create account while password and PID fields are empty" finished-at="2022-01-05T13:38:35 ICT">
          <reporter-output>
          </reporter-output>
        </test-method> <!-- TC11 -->
        <test-method status="PASS" signature="afterMethod()[pri:0, instance:Testcases.Railway.TC11@185d8b6]" name="afterMethod" is-config="true" duration-ms="592" started-at="2022-01-05T13:38:35 ICT" finished-at="2022-01-05T13:38:35 ICT">
          <reporter-output>
          </reporter-output>
        </test-method> <!-- afterMethod -->
      </class> <!-- Testcases.Railway.TC11 -->
      <class name="Testcases.Railway.TC01">
        <test-method status="PASS" signature="beforeMethod()[pri:0, instance:Testcases.Railway.TC01@ff5b51f]" name="beforeMethod" is-config="true" duration-ms="2641" started-at="2022-01-05T13:37:29 ICT" finished-at="2022-01-05T13:37:31 ICT">
          <reporter-output>
          </reporter-output>
        </test-method> <!-- beforeMethod -->
        <test-method status="FAIL" signature="TC01()[pri:0, instance:Testcases.Railway.TC01@ff5b51f]" name="TC01" duration-ms="4079" started-at="2022-01-05T13:37:31 ICT" description="TC01 - User can log into Railway with valid username and password" finished-at="2022-01-05T13:37:35 ICT">
          <exception class="java.lang.AssertionError">
            <message>
              <![CDATA[Welcome message is not displayed as expected expected [Welcome hehehe@mailinator.com] but found []]]>
            </message>
            <full-stacktrace>
              <![CDATA[java.lang.AssertionError: Welcome message is not displayed as expected expected [Welcome hehehe@mailinator.com] but found []
at org.testng.Assert.fail(Assert.java:99)
at org.testng.Assert.failNotEquals(Assert.java:1037)
at org.testng.Assert.assertEqualsImpl(Assert.java:140)
at org.testng.Assert.assertEquals(Assert.java:122)
at org.testng.Assert.assertEquals(Assert.java:629)
at Testcases.Railway.TC01.TC01(TC01.java:28)
at sun.reflect.NativeMethodAccessorImpl.invoke0(Native Method)
at sun.reflect.NativeMethodAccessorImpl.invoke(NativeMethodAccessorImpl.java:62)
at sun.reflect.DelegatingMethodAccessorImpl.invoke(DelegatingMethodAccessorImpl.java:43)
at java.lang.reflect.Method.invoke(Method.java:498)
at org.testng.internal.MethodInvocationHelper.invokeMethod(MethodInvocationHelper.java:133)
at org.testng.internal.TestInvoker.invokeMethod(TestInvoker.java:598)
at org.testng.internal.TestInvoker.invokeTestMethod(TestInvoker.java:173)
at org.testng.internal.MethodRunner.runInSequence(MethodRunner.java:46)
at org.testng.internal.TestInvoker$MethodInvocationAgent.invoke(TestInvoker.java:824)
at org.testng.internal.TestInvoker.invokeTestMethods(TestInvoker.java:146)
at org.testng.internal.TestMethodWorker.invokeTestMethods(TestMethodWorker.java:146)
at org.testng.internal.TestMethodWorker.run(TestMethodWorker.java:128)
at java.util.concurrent.ThreadPoolExecutor.runWorker(ThreadPoolExecutor.java:1149)
at java.util.concurrent.ThreadPoolExecutor$Worker.run(ThreadPoolExecutor.java:624)
at java.lang.Thread.run(Thread.java:748)
]]>
            </full-stacktrace>
          </exception> <!-- java.lang.AssertionError -->
          <reporter-output>
          </reporter-output>
        </test-method> <!-- TC01 -->
        <test-method status="PASS" signature="afterMethod()[pri:0, instance:Testcases.Railway.TC01@ff5b51f]" name="afterMethod" is-config="true" duration-ms="619" started-at="2022-01-05T13:37:35 ICT" finished-at="2022-01-05T13:37:36 ICT">
          <reporter-output>
          </reporter-output>
        </test-method> <!-- afterMethod -->
      </class> <!-- Testcases.Railway.TC01 -->
      <class name="Testcases.Railway.TC02">
        <test-method status="PASS" signature="beforeMethod()[pri:0, instance:Testcases.Railway.TC02@5f9d02cb]" name="beforeMethod" is-config="true" duration-ms="1149" started-at="2022-01-05T13:37:36 ICT" finished-at="2022-01-05T13:37:37 ICT">
          <reporter-output>
          </reporter-output>
        </test-method> <!-- beforeMethod -->
        <test-method status="PASS" signature="TC02()[pri:0, instance:Testcases.Railway.TC02@5f9d02cb]" name="TC02" duration-ms="3449" started-at="2022-01-05T13:37:37 ICT" description="TC02 - User can&#039;t login with blank &#039;Username&#039; textbox" finished-at="2022-01-05T13:37:41 ICT">
          <reporter-output>
          </reporter-output>
        </test-method> <!-- TC02 -->
        <test-method status="PASS" signature="afterMethod()[pri:0, instance:Testcases.Railway.TC02@5f9d02cb]" name="afterMethod" is-config="true" duration-ms="594" started-at="2022-01-05T13:37:41 ICT" finished-at="2022-01-05T13:37:41 ICT">
          <reporter-output>
          </reporter-output>
        </test-method> <!-- afterMethod -->
      </class> <!-- Testcases.Railway.TC02 -->
    </test> <!-- TestSuite -->
  </suite> <!-- All Test Suite -->
</testng-results>
